2026-04-01 11:27:38 | usuario=databrev | acao=login_sucesso | detalhe=tipo=master
2026-04-01 11:28:04 | usuario=databrev | acao=erro_carregar_lista | detalhe=connection to server at "127.0.0.1", port 5432 failed: fe_sendauth: no password supplied

2026-04-01 11:28:04 | usuario=databrev | acao=cadastrar_usuario_primeiro_acesso | detalhe=alvo=eduardo
2026-04-01 11:32:09 | usuario=databrev | acao=login_sucesso | detalhe=tipo=master
2026-04-01 11:32:17 | usuario=databrev | acao=cadastrar_usuario_primeiro_acesso | detalhe=alvo=eduardo
2026-04-01 11:32:30 | usuario=databrev | acao=carregar_lista | detalhe=quantidade=263
2026-04-01 11:32:34 | usuario=databrev | acao=carregar_lista | detalhe=quantidade=263
2026-04-01 11:32:48 | usuario=databrev | acao=cadastrar_usuario | detalhe=alvo=volnei
2026-04-01 11:33:35 | usuario=volnei | acao=login_sucesso | detalhe=tipo=local
2026-04-01 11:33:36 | usuario=volnei | acao=carregar_lista | detalhe=quantidade=263
2026-04-01 11:33:47 | usuario=eduardo | acao=login_falha | detalhe=credenciais_invalidas
2026-04-01 11:33:53 | usuario=eduardo | acao=login_sucesso | detalhe=tipo=local
2026-04-01 11:33:54 | usuario=eduardo | acao=carregar_lista | detalhe=quantidade=263
2026-04-01 11:34:02 | usuario=eduardo | acao=carregar_lista | detalhe=quantidade=263
2026-04-01 11:34:02 | usuario=eduardo | acao=inativar_cliente | detalhe=clientes=[4294967318]; afetados=1
2026-04-01 11:35:00 | usuario=eduardo | acao=login_sucesso | detalhe=tipo=local
2026-04-01 11:35:01 | usuario=eduardo | acao=carregar_lista | detalhe=quantidade=263
2026-04-01 11:41:36 | usuario=eduardo | acao=login_sucesso | detalhe=tipo=local
2026-04-01 11:41:37 | usuario=eduardo | acao=carregar_lista | detalhe=quantidade=263
2026-04-01 11:41:47 | usuario=eduardo | acao=remover_usuario | detalhe=alvo=eduardo
2026-04-01 11:48:26 | usuario=eduardo | acao=login_falha | detalhe=credenciais_invalidas
2026-04-01 11:48:32 | usuario=volnei | acao=login_sucesso | detalhe=tipo=local
2026-04-01 11:48:33 | usuario=volnei | acao=carregar_lista | detalhe=quantidade=263
2026-04-01 11:48:47 | usuario=volnei | acao=editar_usuario | detalhe=alvo=volnei
2026-04-01 11:49:01 | usuario=volnei | acao=login_sucesso | detalhe=tipo=local
2026-04-01 11:49:02 | usuario=volnei | acao=carregar_lista | detalhe=quantidade=263
2026-04-01 11:49:13 | usuario=volnei | acao=cadastrar_usuario | detalhe=alvo=eduardo
2026-04-01 11:49:24 | usuario=eduardo | acao=login_sucesso | detalhe=tipo=local
2026-04-01 11:49:25 | usuario=eduardo | acao=carregar_lista | detalhe=quantidade=263
2026-04-01 11:49:33 | usuario=eduardo | acao=carregar_lista | detalhe=quantidade=263
2026-04-01 11:49:33 | usuario=eduardo | acao=excluir_cliente | detalhe=clientes=[122860]; afetados=1
2026-04-01 11:49:47 | usuario=databrev | acao=login_sucesso | detalhe=tipo=master
2026-04-01 11:49:48 | usuario=databrev | acao=carregar_lista | detalhe=quantidade=263
2026-04-01 11:55:25 | usuario=eduardo | acao=login_sucesso | detalhe=tipo=local
2026-04-01 11:55:26 | usuario=eduardo | acao=carregar_lista | detalhe=quantidade=263
2026-04-01 11:55:44 | usuario=databrev | acao=login_sucesso | detalhe=tipo=master
2026-04-01 11:55:45 | usuario=databrev | acao=carregar_lista | detalhe=quantidade=263
2026-04-01 11:57:03 | usuario=eduardo | acao=login_sucesso | detalhe=tipo=local
2026-04-01 11:57:04 | usuario=eduardo | acao=carregar_lista | detalhe=quantidade=263
2026-04-01 11:59:18 | usuario=databrev | acao=login_sucesso | detalhe=tipo=master
2026-04-01 11:59:19 | usuario=databrev | acao=carregar_lista | detalhe=quantidade=263
2026-04-01 11:59:30 | usuario=databrev | acao=cadastrar_usuario | detalhe=alvo=t
2026-04-01 12:29:53 | usuario=eduardo | acao=login_sucesso | detalhe=tipo=local
2026-04-01 12:29:54 | usuario=eduardo | acao=carregar_lista | detalhe=quantidade=263
2026-04-01 12:30:17 | usuario=databrev | acao=login_sucesso | detalhe=tipo=master
2026-04-01 12:30:18 | usuario=databrev | acao=carregar_lista | detalhe=quantidade=263
2026-04-01 12:30:33 | usuario=databrev | acao=carregar_lista | detalhe=quantidade=208
2026-04-01 12:30:33 | usuario=databrev | acao=excluir_cliente | detalhe=clientes=[1952429]; afetados=1
2026-04-01 12:30:46 | usuario=databrev | acao=carregar_lista | detalhe=quantidade=263
2026-04-01 12:30:46 | usuario=databrev | acao=excluir_cliente | detalhe=clientes=[4294968951, 8589972978, 8589976628, 4294967318, 254840, 555096, 365474, 8590030088, 549495, 39505, 295146, 50335, 784523, 122860, 790942, 8590100810, 49152, 1201727, 458916, 38065, 1299520, 1764296, 46272, 399769, 1952429, 123514, 13571, 38066, 1776930, 1757245, 2138738, 20367, 1564280, 4294975819, 1021956, 1801031, 4294967559, 4295310454, 18182, 268148, 2863042, 18185, 1749196, 1432228, 3677108, 1770690, 469168, 3802118, 3070915, 3193488, 478826, 4430153, 123222, 19370, 11689, 47892, 2665240, 4880500, 3173084, 14917, 1823368, 251429, 79972, 4826152, 11619, 8590036703, 5382583, 5696486, 8591180813, 1967598, 236715, 2741890, 1894275, 4294986309, 1018091, 5692371, 1776928, 5943508, 453593, 3181594, 6543038, 8591300223, 3823788, 405845, 4477040, 8591397801, 393033, 24788, 7175404, 4295036542, 1201699, 1678071, 6367506, 13566, 1211561, 1280608, 734200, 366210, 78252, 944035, 17402, 12893456228, 12893708799, 7184054, 12868, 77122, 1023239, 2104803, 7208207, 292323, 12894875345, 112561, 125047, 8592398310, 344825, 18530, 7223910, 77172, 250609, 2019401, 7315212, 8589934697, 4294978491, 6381038, 7326086, 12895874523, 2910169, 12892119638, 7326791, 7259232, 2904522, 4520677, 8592241246, 1746376, 22184, 3808885, 38067, 7456431, 13556, 16983, 77066, 50333, 7242965, 7199536, 3145247, 969936, 7288472, 7192344, 8590829623, 5994338, 114688, 46032, 7808131, 101850, 7435134, 7275629, 7195264, 7292408, 79972, 161581, 116525, 250609, 8590016089, 8589941988, 8589996661, 8589974413, 12309, 8589935450, 8589934697, 8590367989, 8590030088, 8590100810, 8590432128, 8590205349, 8589943129, 8590395057, 2381688, 2975827, 8589935452, 8590871952, 8589957891, 8590248284, 8589972978, 8591300223, 8591091264, 8589972977, 8591180813, 77122, 8590036703, 8591122005, 8591192263, 8589941989, 6345162, 8592170963, 8592398310, 5438860, 272173, 11619, 1298646, 2410792, 3609681, 7259232, 8590116910, 8592305029, 6869560, 7034865, 7355456, 4298044520, 13556, 1402977, 4620258, 8589976628, 8591551919, 8592241246, 50335, 18182, 312974, 4294975819, 18530, 77172, 17402, 16885, 4294986309, 8589976628, 969936, 38065, 13570, 4294967559, 393033, 734200, 4295310454, 268148, 13571, 4295036542, 4294978491, 78252, 292323, 19370, 8589934697, 8590036703, 3823993, 6381038, 12868, 13566, 12893708799, 46390, 18896, 77122, 553715, 12309, 4620258, 7265033, 7350428, 4270120, 3808885, 7334750, 13556, 4294967318, 8589934695, 7350436, 161581, 1, 4604457]; afetados=263
2026-04-01 12:30:59 | usuario=databrev | acao=carregar_lista | detalhe=quantidade=263
2026-04-01 12:30:59 | usuario=databrev | acao=inativar_cliente | detalhe=clientes=[4294968951, 8589972978, 8589976628, 4294967318, 254840, 555096, 365474, 8590030088, 549495, 39505, 295146, 50335, 784523, 122860, 790942, 8590100810, 49152, 1201727, 458916, 38065, 1299520, 1764296, 46272, 399769, 1952429, 123514, 13571, 38066, 1776930, 1757245, 2138738, 20367, 1564280, 4294975819, 1021956, 1801031, 4294967559, 4295310454, 18182, 268148, 2863042, 18185, 1749196, 1432228, 3677108, 1770690, 469168, 3802118, 3070915, 3193488, 478826, 4430153, 123222, 19370, 11689, 47892, 2665240, 4880500, 3173084, 14917, 1823368, 251429, 79972, 4826152, 11619, 8590036703, 5382583, 5696486, 8591180813, 1967598, 236715, 2741890, 1894275, 4294986309, 1018091, 5692371, 1776928, 5943508, 453593, 3181594, 6543038, 8591300223, 3823788, 405845, 4477040, 8591397801, 393033, 24788, 7175404, 4295036542, 1201699, 1678071, 6367506, 13566, 1211561, 1280608, 734200, 366210, 78252, 944035, 17402, 12893456228, 12893708799, 7184054, 12868, 77122, 1023239, 2104803, 7208207, 292323, 12894875345, 112561, 125047, 8592398310, 344825, 18530, 7223910, 77172, 250609, 2019401, 7315212, 8589934697, 4294978491, 6381038, 7326086, 12895874523, 2910169, 12892119638, 7326791, 7259232, 2904522, 4520677, 8592241246, 1746376, 22184, 3808885, 38067, 7456431, 13556, 16983, 77066, 50333, 7242965, 7199536, 3145247, 969936, 7288472, 7192344, 8590829623, 5994338, 114688, 46032, 7808131, 101850, 7435134, 7275629, 7195264, 7292408, 79972, 161581, 116525, 250609, 8590016089, 8589941988, 8589996661, 8589974413, 12309, 8589935450, 8589934697, 8590367989, 8590030088, 8590100810, 8590432128, 8590205349, 8589943129, 8590395057, 2381688, 2975827, 8589935452, 8590871952, 8589957891, 8590248284, 8589972978, 8591300223, 8591091264, 8589972977, 8591180813, 77122, 8590036703, 8591122005, 8591192263, 8589941989, 6345162, 8592170963, 8592398310, 5438860, 272173, 11619, 1298646, 2410792, 3609681, 7259232, 8590116910, 8592305029, 6869560, 7034865, 7355456, 4298044520, 13556, 1402977, 4620258, 8589976628, 8591551919, 8592241246, 50335, 18182, 312974, 4294975819, 18530, 77172, 17402, 16885, 4294986309, 8589976628, 969936, 38065, 13570, 4294967559, 393033, 734200, 4295310454, 268148, 13571, 4295036542, 4294978491, 78252, 292323, 19370, 8589934697, 8590036703, 3823993, 6381038, 12868, 13566, 12893708799, 46390, 18896, 77122, 553715, 12309, 4620258, 7265033, 7350428, 4270120, 3808885, 7334750, 13556, 4294967318, 8589934695, 7350436, 161581, 1, 4604457]; afetados=263
2026-04-01 12:31:13 | usuario=databrev | acao=inativar_vendas_a_prazo | detalhe=clientes=[4294968951, 8589972978, 8589976628, 4294967318, 254840, 555096, 365474, 8590030088, 549495, 39505, 295146, 50335, 784523, 122860, 790942, 8590100810, 49152, 1201727, 458916, 38065, 1299520, 1764296, 46272, 399769, 1952429, 123514, 13571, 38066, 1776930, 1757245, 2138738, 20367, 1564280, 4294975819, 1021956, 1801031, 4294967559, 4295310454, 18182, 268148, 2863042, 18185, 1749196, 1432228, 3677108, 1770690, 469168, 3802118, 3070915, 3193488, 478826, 4430153, 123222, 19370, 11689, 47892, 2665240, 4880500, 3173084, 14917, 1823368, 251429, 79972, 4826152, 11619, 8590036703, 5382583, 5696486, 8591180813, 1967598, 236715, 2741890, 1894275, 4294986309, 1018091, 5692371, 1776928, 5943508, 453593, 3181594, 6543038, 8591300223, 3823788, 405845, 4477040, 8591397801, 393033, 24788, 7175404, 4295036542, 1201699, 1678071, 6367506, 13566, 1211561, 1280608, 734200, 366210, 78252, 944035, 17402, 12893456228, 12893708799, 7184054, 12868, 77122, 1023239, 2104803, 7208207, 292323, 12894875345, 112561, 125047, 8592398310, 344825, 18530, 7223910, 77172, 250609, 2019401, 7315212, 8589934697, 4294978491, 6381038, 7326086, 12895874523, 2910169, 12892119638, 7326791, 7259232, 2904522, 4520677, 8592241246, 1746376, 22184, 3808885, 38067, 7456431, 13556, 16983, 77066, 50333, 7242965, 7199536, 3145247, 969936, 7288472, 7192344, 8590829623, 5994338, 114688, 46032, 7808131, 101850, 7435134, 7275629, 7195264, 7292408, 79972, 161581, 116525, 250609, 8590016089, 8589941988, 8589996661, 8589974413, 12309, 8589935450, 8589934697, 8590367989, 8590030088, 8590100810, 8590432128, 8590205349, 8589943129, 8590395057, 2381688, 2975827, 8589935452, 8590871952, 8589957891, 8590248284, 8589972978, 8591300223, 8591091264, 8589972977, 8591180813, 77122, 8590036703, 8591122005, 8591192263, 8589941989, 6345162, 8592170963, 8592398310, 5438860, 272173, 11619, 1298646, 2410792, 3609681, 7259232, 8590116910, 8592305029, 6869560, 7034865, 7355456, 4298044520, 13556, 1402977, 4620258, 8589976628, 8591551919, 8592241246, 50335, 18182, 312974, 4294975819, 18530, 77172, 17402, 16885, 4294986309, 8589976628, 969936, 38065, 13570, 4294967559, 393033, 734200, 4295310454, 268148, 13571, 4295036542, 4294978491, 78252, 292323, 19370, 8589934697, 8590036703, 3823993, 6381038, 12868, 13566, 12893708799, 46390, 18896, 77122, 553715, 12309, 4620258, 7265033, 7350428, 4270120, 3808885, 7334750, 13556, 4294967318, 8589934695, 7350436, 161581, 1, 4604457]; afetados=29
2026-04-01 12:34:21 | usuario=databrev | acao=login_sucesso | detalhe=tipo=master
2026-04-01 12:34:22 | usuario=databrev | acao=carregar_lista | detalhe=quantidade=263
2026-04-01 12:37:41 | usuario=databrev | acao=login_sucesso | detalhe=tipo=master
2026-04-01 12:37:42 | usuario=databrev | acao=carregar_lista | detalhe=quantidade=263
2026-04-01 12:37:54 | usuario=databrev | acao=excluir_usuario | detalhe=alvo=t
2026-04-01 12:40:01 | usuario=databrev | acao=login_sucesso | detalhe=tipo=master
2026-04-01 12:40:02 | usuario=databrev | acao=carregar_lista | detalhe=quantidade=263
2026-04-01 12:40:05 | usuario=databrev | acao=carregar_lista | detalhe=quantidade=263
2026-04-01 12:42:33 | usuario=eduardo | acao=login_sucesso | detalhe=tipo=local
2026-04-01 12:42:34 | usuario=eduardo | acao=carregar_lista | detalhe=quantidade=263
2026-04-01 12:43:16 | usuario=eduardo | acao=carregar_lista | detalhe=quantidade=263
2026-04-01 12:43:16 | usuario=eduardo | acao=excluir_cliente | detalhe=clientes=[399769, 1952429, 123514, 13571, 38066, 1776930, 1757245, 2138738, 20367, 1564280, 4294975819, 1021956, 1801031, 4294967559, 4295310454, 18182, 268148, 2863042, 18185, 1749196, 1432228, 3677108, 1770690, 469168, 3802118, 3070915, 3193488, 478826, 4430153, 123222, 19370, 11689, 47892, 2665240, 4880500, 3173084, 14917, 1823368, 251429, 79972, 4826152, 11619, 8590036703, 5382583, 5696486, 8591180813, 1967598, 236715, 2741890, 1894275, 4294986309, 1018091, 5692371, 1776928, 5943508, 453593, 3181594, 6543038, 8591300223, 3823788, 405845, 4477040, 8591397801, 393033, 24788, 7175404, 4295036542, 1201699, 1678071, 6367506, 13566, 1211561, 1280608, 734200, 366210, 78252, 944035, 17402, 12893456228, 12893708799, 7184054, 12868, 77122, 1023239, 2104803, 7208207, 292323, 12894875345, 112561, 125047, 8592398310, 344825, 18530, 7223910, 77172, 250609, 2019401, 7315212, 8589934697, 4294978491, 6381038, 7326086, 12895874523, 2910169, 12892119638, 7326791, 7259232, 2904522, 4520677, 8592241246, 1746376, 22184, 3808885, 38067, 7456431, 13556, 16983, 77066, 50333, 7242965, 7199536, 3145247, 969936, 7288472, 7192344, 8590829623, 5994338, 114688, 46032, 7808131, 101850, 7435134, 7275629, 7195264, 7292408, 79972, 161581, 116525, 250609, 8590016089, 8589941988, 8589996661, 8589974413, 12309, 8589935450, 8589934697, 8590367989, 8590030088, 8590100810, 8590432128, 8590205349, 8589943129, 8590395057, 2381688, 2975827, 8589935452, 8590871952, 8589957891, 8590248284, 8589972978, 8591300223, 8591091264, 8589972977, 8591180813, 77122, 8590036703, 8591122005, 8591192263, 8589941989, 6345162, 8592170963, 8592398310, 5438860, 272173, 11619, 1298646, 2410792, 3609681, 7259232, 8590116910, 8592305029, 6869560, 7034865, 7355456, 4298044520, 13556, 1402977, 4620258, 8589976628, 8591551919, 8592241246, 50335, 18182, 312974, 4294975819, 18530, 77172, 17402, 16885, 4294986309, 8589976628, 969936, 38065, 13570, 4294967559, 393033, 734200, 4295310454, 268148, 13571, 4295036542, 4294978491, 78252, 292323, 19370, 8589934697, 8590036703, 3823993, 6381038, 12868, 13566, 12893708799, 46390, 18896, 77122, 553715, 12309, 4620258, 7265033, 7350428, 4270120, 3808885, 7334750, 13556, 4294967318, 8589934695, 7350436, 161581, 1, 4604457]; afetados=240
2026-04-01 13:38:06 | usuario=eduardo | acao=carregar_lista | detalhe=quantidade=29
2026-04-01 13:38:06 | usuario=eduardo | acao=inativar_cliente | detalhe=clientes=[1952429, 13571, 20367, 18182, 18185, 14917, 8591300223, 12868, 18530, 8589934697, 7326791, 22184, 13556, 12309, 8589934697, 2381688, 8591300223, 8591192263, 3609681, 13556, 1402977, 18182, 18530, 13571, 8589934697, 12868, 12309, 13556, 8589934695]; afetados=29
2026-04-01 13:38:26 | usuario=eduardo | acao=carregar_lista | detalhe=quantidade=29
2026-04-01 13:40:20 | usuario=databrev | acao=login_sucesso | detalhe=tipo=master
2026-04-01 13:40:21 | usuario=databrev | acao=carregar_lista | detalhe=quantidade=263
2026-04-01 14:33:27 | usuario=databrev | acao=login_sucesso | detalhe=tipo=master
2026-04-01 14:49:24 | usuario=databrev | acao=login_sucesso | detalhe=tipo=master
2026-04-01 14:49:25 | usuario=databrev | acao=carregar_lista | detalhe=quantidade=263
2026-04-01 14:51:23 | usuario=eduardo | acao=login_sucesso | detalhe=tipo=local
2026-04-01 14:51:24 | usuario=eduardo | acao=carregar_lista | detalhe=quantidade=263
2026-04-01 14:59:17 | usuario=databrev | acao=login_sucesso | detalhe=tipo=master
2026-04-01 14:59:18 | usuario=databrev | acao=carregar_lista | detalhe=quantidade=263
2026-04-01 15:00:05 | usuario=eduardo | acao=login_sucesso | detalhe=tipo=local
2026-04-01 15:00:06 | usuario=eduardo | acao=carregar_lista | detalhe=quantidade=263
2026-04-01 15:02:46 | usuario=eduardo | acao=login_sucesso | detalhe=tipo=local
2026-04-01 15:03:45 | usuario=eduardo | acao=login_sucesso | detalhe=tipo=local
2026-04-01 15:03:46 | usuario=eduardo | acao=carregar_lista | detalhe=quantidade=263
2026-04-01 15:04:21 | usuario=databrev | acao=login_sucesso | detalhe=tipo=master
2026-04-01 15:04:22 | usuario=databrev | acao=carregar_lista | detalhe=quantidade=263
2026-04-01 15:07:38 | usuario=databrev | acao=login_sucesso | detalhe=tipo=master
2026-04-01 15:07:39 | usuario=databrev | acao=carregar_lista | detalhe=quantidade=263
2026-04-01 15:07:54 | usuario=eduardo | acao=login_falha | detalhe=credenciais_invalidas
2026-04-01 15:07:59 | usuario=eduardo | acao=login_sucesso | detalhe=tipo=local
2026-04-01 15:08:39 | usuario=eduardo | acao=login_sucesso | detalhe=tipo=local
2026-04-01 15:08:48 | usuario=eduardo | acao=login_falha | detalhe=credenciais_invalidas
2026-04-01 15:09:16 | usuario=eduardo | acao=login_sucesso | detalhe=tipo=local
2026-04-01 15:09:16 | usuario=eduardo | acao=carregar_lista | detalhe=quantidade=263
2026-04-01 15:09:38 | usuario=eduardo | acao=inativar_vendas_a_prazo | detalhe=clientes=[7326791]; afetados=1
2026-04-01 15:10:10 | usuario=eduardo | acao=login_sucesso | detalhe=tipo=local
2026-04-01 15:10:11 | usuario=eduardo | acao=carregar_lista | detalhe=quantidade=263
2026-04-01 15:28:52 | usuario=eduardo | acao=login_sucesso | detalhe=tipo=local
2026-04-01 15:29:23 | usuario=eduardo | acao=login_sucesso | detalhe=tipo=local
2026-04-01 15:29:24 | usuario=eduardo | acao=carregar_lista | detalhe=quantidade=263
2026-04-01 15:31:23 | usuario=eduardo | acao=login_falha | detalhe=primeiro_acesso_sem_master
2026-04-01 15:31:32 | usuario=databrev | acao=login_falha | detalhe=primeiro_acesso_sem_master
2026-04-01 15:31:39 | usuario=databrev | acao=login_sucesso | detalhe=tipo=master
2026-04-01 15:31:50 | usuario=databrev | acao=cadastrar_usuario_primeiro_acesso | detalhe=alvo=eduardo
2026-04-01 15:32:04 | usuario=databrev | acao=carregar_lista | detalhe=quantidade=263
2026-04-01 15:32:54 | usuario=eduardo | acao=login_sucesso | detalhe=tipo=local
2026-04-01 15:32:55 | usuario=eduardo | acao=carregar_lista | detalhe=quantidade=263
2026-04-01 15:42:27 | usuario=eduardo | acao=login_sucesso | detalhe=tipo=local
2026-04-01 15:42:28 | usuario=eduardo | acao=carregar_lista | detalhe=quantidade=263
2026-04-01 15:42:37 | usuario=eduardo | acao=carregar_lista | detalhe=quantidade=263
2026-04-01 15:42:37 | usuario=eduardo | acao=inativar_cliente | detalhe=clientes=[4294968951, 8589972978]; afetados=2
2026-04-01 15:42:50 | usuario=eduardo | acao=inativar_vendas_a_prazo | detalhe=clientes=[1952429]; afetados=1
2026-04-01 15:45:49 | usuario=eduardo | acao=login_sucesso | detalhe=tipo=local
2026-04-01 15:45:49 | usuario=eduardo | acao=carregar_lista | detalhe=quantidade=263
2026-04-01 15:52:32 | usuario=eduardo | acao=login_sucesso | detalhe=tipo=local
2026-04-01 15:52:33 | usuario=eduardo | acao=carregar_lista | detalhe=quantidade=263
2026-04-01 15:52:39 | usuario=eduardo | acao=carregar_lista | detalhe=quantidade=263
2026-04-01 15:52:39 | usuario=eduardo | acao=excluir_cliente | detalhe=clientes=[4294968951]; afetados=1
2026-04-01 15:55:02 | usuario=eduardo | acao=login_sucesso | detalhe=tipo=local
2026-04-01 15:55:02 | usuario=eduardo | acao=carregar_lista | detalhe=quantidade=263
2026-04-01 15:57:55 | usuario=eduardo | acao=login_sucesso | detalhe=tipo=local
2026-04-01 15:57:56 | usuario=eduardo | acao=carregar_lista | detalhe=quantidade=263
2026-04-01 16:21:53 | usuario=eduardo | acao=login_sucesso | detalhe=tipo=local
2026-04-01 16:21:54 | usuario=eduardo | acao=carregar_lista | detalhe=quantidade=263
2026-04-01 16:39:45 | usuario=eduardo | acao=login_sucesso | detalhe=tipo=local
2026-04-01 16:45:14 | usuario=eduardo | acao=login_sucesso | detalhe=tipo=local
2026-04-01 16:45:15 | usuario=eduardo | acao=carregar_lista | detalhe=quantidade=263
2026-04-01 16:50:16 | usuario=eduardo | acao=login_sucesso | detalhe=tipo=local
2026-04-01 16:50:17 | usuario=eduardo | acao=carregar_lista | detalhe=quantidade=263
2026-04-01 16:50:19 | usuario=eduardo | acao=carregar_lista | detalhe=quantidade=263
2026-04-01 16:50:32 | usuario=eduardo | acao=carregar_lista | detalhe=quantidade=263
2026-04-01 16:50:32 | usuario=eduardo | acao=excluir_cliente | detalhe=clientes=[295146]; afetados=1
2026-04-01 16:56:12 | usuario=eduardo | acao=login_sucesso | detalhe=tipo=local
2026-04-01 16:56:12 | usuario=eduardo | acao=carregar_lista | detalhe=quantidade=263
2026-04-01 17:18:22 | usuario=eduardo | acao=login_sucesso | detalhe=tipo=local
2026-04-01 17:18:26 | usuario=eduardo | acao=carregar_lista | detalhe=quantidade=263
2026-04-01 17:18:37 | usuario=eduardo | acao=carregar_lista | detalhe=quantidade=263
2026-04-01 17:18:37 | usuario=eduardo | acao=excluir_cliente | detalhe=clientes=[8590030088]; afetados=1
2026-04-01 17:18:57 | usuario=eduardo | acao=carregar_lista | detalhe=quantidade=263
2026-04-01 17:26:56 | usuario=eduardo | acao=login_sucesso | detalhe=tipo=local
2026-04-01 17:27:07 | usuario=eduardo | acao=carregar_lista | detalhe=quantidade=263
2026-04-01 17:44:52 | usuario=eduardo | acao=login_sucesso | detalhe=tipo=local
2026-04-01 17:44:57 | usuario=eduardo | acao=carregar_lista | detalhe=quantidade=263
2026-04-01 18:22:48 | usuario=eduardo | acao=login_sucesso | detalhe=tipo=local
2026-04-01 18:22:54 | usuario=eduardo | acao=carregar_lista | detalhe=tipo=faturas_receber;quantidade=26292
2026-04-01 18:23:12 | usuario=eduardo | acao=carregar_lista | detalhe=tipo=faturas_receber;quantidade=26292
2026-04-01 18:23:57 | usuario=eduardo | acao=carregar_lista | detalhe=tipo=faturas_receber;quantidade=26292
2026-04-01 18:26:24 | usuario=eduardo | acao=login_sucesso | detalhe=tipo=local
2026-04-01 18:26:30 | usuario=eduardo | acao=carregar_lista | detalhe=tipo=faturas_receber;quantidade=26292
2026-04-01 18:26:35 | usuario=eduardo | acao=carregar_lista | detalhe=tipo=clientes_inativos;quantidade=263
2026-04-01 18:26:52 | usuario=eduardo | acao=carregar_lista | detalhe=tipo=faturas_receber;quantidade=26292
2026-04-01 18:38:36 | usuario=eduardo | acao=login_sucesso | detalhe=tipo=local
2026-04-01 18:41:34 | usuario=eduardo | acao=login_sucesso | detalhe=tipo=local
2026-04-01 18:41:38 | usuario=eduardo | acao=carregar_lista | detalhe=tipo=faturas_receber;quantidade=26292;agrupar=none
2026-04-01 18:42:03 | usuario=eduardo | acao=carregar_lista | detalhe=tipo=faturas_receber;quantidade=259;agrupar=customer
2026-04-01 18:42:24 | usuario=eduardo | acao=carregar_lista | detalhe=tipo=faturas_receber;quantidade=26292;agrupar=none
2026-04-01 18:42:43 | usuario=eduardo | acao=carregar_lista | detalhe=tipo=faturas_receber;quantidade=3;agrupar=motive
2026-04-01 18:48:43 | usuario=eduardo | acao=login_sucesso | detalhe=tipo=local
2026-04-01 18:52:47 | usuario=eduardo | acao=login_falha | detalhe=credenciais_invalidas
2026-04-01 18:52:51 | usuario=eduardo | acao=login_sucesso | detalhe=tipo=local
2026-04-01 19:02:03 | usuario=eduardo | acao=login_sucesso | detalhe=tipo=local
2026-04-01 19:02:13 | usuario=eduardo | acao=carregar_lista | detalhe=tipo=faturas_receber;quantidade=0;agrupar=none
2026-04-01 19:02:31 | usuario=eduardo | acao=carregar_lista | detalhe=tipo=faturas_receber;quantidade=81;agrupar=none
2026-04-01 19:09:51 | usuario=eduardo | acao=login_sucesso | detalhe=tipo=local
2026-04-01 19:09:55 | usuario=eduardo | acao=carregar_lista | detalhe=tipo=faturas_receber;quantidade=0;agrupar=none
2026-04-01 19:10:17 | usuario=eduardo | acao=carregar_lista | detalhe=tipo=clientes_inativos;quantidade=263
2026-04-01 19:10:54 | usuario=eduardo | acao=login_sucesso | detalhe=tipo=local
2026-04-01 19:10:57 | usuario=eduardo | acao=carregar_lista | detalhe=tipo=faturas_receber;quantidade=0;agrupar=none
2026-04-01 19:11:03 | usuario=eduardo | acao=carregar_lista | detalhe=tipo=faturas_receber;quantidade=81;agrupar=none
2026-04-01 19:13:17 | usuario=eduardo | acao=carregar_lista | detalhe=tipo=faturas_receber;quantidade=1;agrupar=none
2026-04-01 19:13:20 | usuario=eduardo | acao=carregar_lista | detalhe=tipo=faturas_receber;quantidade=1;agrupar=none
2026-04-01 19:16:46 | usuario=eduardo | acao=login_sucesso | detalhe=tipo=local
2026-04-01 19:16:49 | usuario=eduardo | acao=carregar_lista | detalhe=tipo=faturas_receber;quantidade=0;agrupar=none
2026-04-01 20:28:53 | usuario=eduardo | acao=login_sucesso | detalhe=tipo=local
2026-04-01 20:28:56 | usuario=eduardo | acao=carregar_lista | detalhe=tipo=faturas_receber;quantidade=0;agrupar=none
2026-04-01 20:32:58 | usuario=eduardo | acao=login_sucesso | detalhe=tipo=local
2026-04-01 20:33:04 | usuario=eduardo | acao=carregar_lista | detalhe=tipo=faturas_receber;quantidade=0;agrupar=none
2026-04-01 20:37:59 | usuario=eduardo | acao=login_sucesso | detalhe=tipo=local
2026-04-01 20:38:05 | usuario=eduardo | acao=carregar_lista | detalhe=tipo=faturas_receber;quantidade=0;agrupar=none
2026-04-01 20:38:13 | usuario=eduardo | acao=carregar_lista | detalhe=tipo=faturas_receber;quantidade=10;agrupar=none
2026-04-01 20:38:47 | usuario=eduardo | acao=carregar_lista | detalhe=tipo=faturas_receber;quantidade=85;agrupar=none
2026-04-01 20:39:22 | usuario=eduardo | acao=carregar_lista | detalhe=tipo=faturas_receber;quantidade=6;agrupar=motive
2026-04-01 20:39:50 | usuario=eduardo | acao=carregar_lista | detalhe=tipo=faturas_receber;quantidade=30;agrupar=customer
2026-04-01 20:45:51 | usuario=eduardo | acao=login_sucesso | detalhe=tipo=local
2026-04-01 20:45:55 | usuario=eduardo | acao=carregar_lista | detalhe=tipo=faturas_receber;quantidade=0;agrupar=none
2026-04-01 20:46:08 | usuario=eduardo | acao=carregar_lista | detalhe=tipo=faturas_receber;quantidade=211;agrupar=none
2026-04-01 20:47:53 | usuario=eduardo | acao=carregar_lista | detalhe=tipo=faturas_receber;quantidade=0;agrupar=none
2026-04-01 20:48:07 | usuario=eduardo | acao=carregar_lista | detalhe=tipo=faturas_receber;quantidade=211;agrupar=none
2026-04-01 20:48:36 | usuario=eduardo | acao=carregar_lista | detalhe=tipo=faturas_receber;quantidade=1;agrupar=none
2026-04-01 20:52:48 | usuario=eduardo | acao=login_sucesso | detalhe=tipo=local
2026-04-01 20:52:53 | usuario=eduardo | acao=carregar_lista | detalhe=tipo=faturas_receber;quantidade=0;agrupar=none
2026-04-01 20:53:01 | usuario=eduardo | acao=carregar_lista | detalhe=tipo=faturas_receber;quantidade=81;agrupar=none
2026-04-01 20:53:10 | usuario=eduardo | acao=carregar_lista | detalhe=tipo=faturas_receber;quantidade=81;agrupar=none
2026-04-01 20:53:15 | usuario=eduardo | acao=carregar_lista | detalhe=tipo=faturas_receber;quantidade=81;agrupar=none
2026-04-01 20:53:15 | usuario=eduardo | acao=carregar_lista | detalhe=tipo=faturas_receber;quantidade=81;agrupar=none
2026-04-01 20:56:48 | usuario=eduardo | acao=login_sucesso | detalhe=tipo=local
2026-04-01 20:56:51 | usuario=eduardo | acao=carregar_lista | detalhe=tipo=faturas_receber;quantidade=0;agrupar=none
2026-04-01 20:57:01 | usuario=eduardo | acao=carregar_lista | detalhe=tipo=faturas_receber;quantidade=211;agrupar=none
2026-04-01 21:23:53 | usuario=eduardo | acao=login_sucesso | detalhe=tipo=local
2026-04-01 21:23:57 | usuario=eduardo | acao=carregar_lista | detalhe=tipo=faturas_receber;quantidade=0;agrupar=none
2026-04-01 21:24:13 | usuario=eduardo | acao=carregar_lista | detalhe=tipo=faturas_receber;quantidade=211;agrupar=none
2026-04-01 21:24:30 | usuario=eduardo | acao=carregar_lista | detalhe=tipo=faturas_receber;quantidade=6;agrupar=none
2026-04-01 21:26:13 | usuario=eduardo | acao=carregar_lista | detalhe=tipo=faturas_receber;quantidade=0;agrupar=none
2026-04-01 21:27:09 | usuario=eduardo | acao=login_sucesso | detalhe=tipo=local
2026-04-01 21:27:14 | usuario=eduardo | acao=carregar_lista | detalhe=tipo=faturas_receber;quantidade=0;agrupar=none
2026-04-01 21:27:31 | usuario=eduardo | acao=carregar_lista | detalhe=tipo=faturas_receber;quantidade=0;agrupar=none
2026-04-01 21:30:36 | usuario=eduardo | acao=login_sucesso | detalhe=tipo=local
2026-04-01 21:30:39 | usuario=eduardo | acao=carregar_lista | detalhe=tipo=faturas_receber;quantidade=0;agrupar=none
2026-04-01 21:30:50 | usuario=eduardo | acao=carregar_lista | detalhe=tipo=faturas_receber;quantidade=211;agrupar=none
2026-04-01 21:33:42 | usuario=eduardo | acao=login_sucesso | detalhe=tipo=local
2026-04-01 21:33:46 | usuario=eduardo | acao=carregar_lista | detalhe=tipo=faturas_receber;quantidade=0;agrupar=none
2026-04-01 21:33:50 | usuario=eduardo | acao=carregar_lista | detalhe=tipo=faturas_receber;quantidade=211;agrupar=none
2026-04-01 21:33:54 | usuario=eduardo | acao=carregar_lista | detalhe=tipo=faturas_receber;quantidade=211;agrupar=none
2026-04-01 21:33:56 | usuario=eduardo | acao=carregar_lista | detalhe=tipo=faturas_receber;quantidade=211;agrupar=none
2026-04-01 21:33:57 | usuario=eduardo | acao=carregar_lista | detalhe=tipo=faturas_receber;quantidade=211;agrupar=none
2026-04-01 21:34:03 | usuario=eduardo | acao=carregar_lista | detalhe=tipo=faturas_receber;quantidade=0;agrupar=none
2026-04-01 21:34:13 | usuario=eduardo | acao=carregar_lista | detalhe=tipo=faturas_receber;quantidade=211;agrupar=none
2026-04-01 21:34:14 | usuario=eduardo | acao=carregar_lista | detalhe=tipo=faturas_receber;quantidade=211;agrupar=none
2026-04-01 21:34:18 | usuario=eduardo | acao=carregar_lista | detalhe=tipo=faturas_receber;quantidade=0;agrupar=none
2026-04-01 21:34:18 | usuario=eduardo | acao=carregar_lista | detalhe=tipo=faturas_receber;quantidade=0;agrupar=none
2026-04-01 21:34:19 | usuario=eduardo | acao=carregar_lista | detalhe=tipo=faturas_receber;quantidade=9;agrupar=none
2026-04-01 21:34:30 | usuario=eduardo | acao=carregar_lista | detalhe=tipo=faturas_receber;quantidade=1;agrupar=customer
2026-04-01 21:34:36 | usuario=eduardo | acao=carregar_lista | detalhe=tipo=faturas_receber;quantidade=9;agrupar=none
2026-04-01 21:36:08 | usuario=eduardo | acao=carregar_lista | detalhe=tipo=faturas_receber;quantidade=9;agrupar=none
2026-04-01 21:36:11 | usuario=eduardo | acao=carregar_lista | detalhe=tipo=faturas_receber;quantidade=9;agrupar=none
2026-04-01 21:36:14 | usuario=eduardo | acao=carregar_lista | detalhe=tipo=faturas_receber;quantidade=9;agrupar=none
2026-04-01 21:36:16 | usuario=eduardo | acao=carregar_lista | detalhe=tipo=faturas_receber;quantidade=211;agrupar=none
2026-04-01 21:36:22 | usuario=eduardo | acao=carregar_lista | detalhe=tipo=faturas_receber;quantidade=211;agrupar=none
2026-04-01 21:38:18 | usuario=eduardo | acao=carregar_lista | detalhe=tipo=faturas_receber;quantidade=0;agrupar=none
2026-04-01 21:41:22 | usuario=eduardo | acao=login_sucesso | detalhe=tipo=local
2026-04-01 21:41:27 | usuario=eduardo | acao=carregar_lista | detalhe=tipo=faturas_receber;quantidade=0;agrupar=none
2026-04-01 21:41:51 | usuario=eduardo | acao=carregar_lista | detalhe=tipo=faturas_receber;quantidade=0;agrupar=none
2026-04-01 21:41:53 | usuario=eduardo | acao=carregar_lista | detalhe=tipo=faturas_receber;quantidade=0;agrupar=none
2026-04-01 21:41:54 | usuario=eduardo | acao=carregar_lista | detalhe=tipo=faturas_receber;quantidade=0;agrupar=none
2026-04-01 21:41:54 | usuario=eduardo | acao=carregar_lista | detalhe=tipo=faturas_receber;quantidade=211;agrupar=none
2026-04-01 21:41:55 | usuario=eduardo | acao=carregar_lista | detalhe=tipo=faturas_receber;quantidade=211;agrupar=none
2026-04-01 21:41:58 | usuario=eduardo | acao=carregar_lista | detalhe=tipo=faturas_receber;quantidade=211;agrupar=none
2026-04-01 21:41:59 | usuario=eduardo | acao=carregar_lista | detalhe=tipo=faturas_receber;quantidade=211;agrupar=none
2026-04-01 21:42:01 | usuario=eduardo | acao=carregar_lista | detalhe=tipo=faturas_receber;quantidade=211;agrupar=none
2026-04-01 21:42:02 | usuario=eduardo | acao=carregar_lista | detalhe=tipo=faturas_receber;quantidade=211;agrupar=none
2026-04-01 21:42:02 | usuario=eduardo | acao=carregar_lista | detalhe=tipo=faturas_receber;quantidade=211;agrupar=none
2026-04-01 21:42:13 | usuario=eduardo | acao=carregar_lista | detalhe=tipo=faturas_receber;quantidade=0;agrupar=none
2026-04-01 21:42:15 | usuario=eduardo | acao=carregar_lista | detalhe=tipo=faturas_receber;quantidade=211;agrupar=none
2026-04-01 21:45:23 | usuario=eduardo | acao=login_sucesso | detalhe=tipo=local
2026-04-01 21:45:26 | usuario=eduardo | acao=carregar_lista | detalhe=tipo=faturas_receber;quantidade=0;agrupar=none
2026-04-01 21:45:41 | usuario=eduardo | acao=carregar_lista | detalhe=tipo=faturas_receber;quantidade=0;agrupar=none
2026-04-01 21:45:42 | usuario=eduardo | acao=carregar_lista | detalhe=tipo=faturas_receber;quantidade=0;agrupar=none
2026-04-01 21:45:43 | usuario=eduardo | acao=carregar_lista | detalhe=tipo=faturas_receber;quantidade=0;agrupar=none
2026-04-01 21:45:55 | usuario=eduardo | acao=carregar_lista | detalhe=tipo=faturas_receber;quantidade=211;agrupar=none
2026-04-01 21:45:58 | usuario=eduardo | acao=carregar_lista | detalhe=tipo=faturas_receber;quantidade=211;agrupar=none
2026-04-01 21:49:42 | usuario=eduardo | acao=login_sucesso | detalhe=tipo=local
2026-04-01 21:49:46 | usuario=eduardo | acao=carregar_lista | detalhe=tipo=faturas_receber;quantidade=0;agrupar=none
2026-04-01 21:49:51 | usuario=eduardo | acao=carregar_lista | detalhe=tipo=faturas_receber;quantidade=211;agrupar=none
2026-04-01 21:49:55 | usuario=eduardo | acao=carregar_lista | detalhe=tipo=faturas_receber;quantidade=211;agrupar=none
2026-04-01 21:50:44 | usuario=eduardo | acao=carregar_lista | detalhe=tipo=faturas_receber;quantidade=211;agrupar=none
2026-04-01 21:53:14 | usuario=eduardo | acao=login_sucesso | detalhe=tipo=local
2026-04-01 21:53:20 | usuario=eduardo | acao=carregar_lista | detalhe=tipo=faturas_receber;quantidade=0;agrupar=none
2026-04-01 21:53:25 | usuario=eduardo | acao=carregar_lista | detalhe=tipo=faturas_receber;quantidade=211;agrupar=none
2026-04-01 21:53:25 | usuario=eduardo | acao=carregar_lista | detalhe=tipo=faturas_receber;quantidade=211;agrupar=none
2026-04-01 21:53:28 | usuario=eduardo | acao=carregar_lista | detalhe=tipo=faturas_receber;quantidade=211;agrupar=none
2026-04-01 21:53:28 | usuario=eduardo | acao=carregar_lista | detalhe=tipo=faturas_receber;quantidade=211;agrupar=none
2026-04-01 21:53:37 | usuario=eduardo | acao=carregar_lista | detalhe=tipo=faturas_receber;quantidade=6;agrupar=none
2026-04-01 21:54:26 | usuario=eduardo | acao=carregar_lista | detalhe=tipo=faturas_receber;quantidade=6;agrupar=none
2026-04-01 21:54:27 | usuario=eduardo | acao=carregar_lista | detalhe=tipo=faturas_receber;quantidade=0;agrupar=none
2026-04-01 21:54:31 | usuario=eduardo | acao=carregar_lista | detalhe=tipo=faturas_receber;quantidade=0;agrupar=none
2026-04-01 21:54:37 | usuario=eduardo | acao=carregar_lista | detalhe=tipo=faturas_receber;quantidade=211;agrupar=none
2026-04-01 21:54:45 | usuario=eduardo | acao=carregar_lista | detalhe=tipo=faturas_receber;quantidade=211;agrupar=none
2026-04-01 21:55:16 | usuario=eduardo | acao=carregar_lista | detalhe=tipo=faturas_receber;quantidade=211;agrupar=none
2026-04-02 10:43:33 | usuario=eduardo | acao=login_sucesso | detalhe=tipo=local
2026-04-02 10:43:43 | usuario=eduardo | acao=carregar_lista | detalhe=tipo=faturas_receber;quantidade=1;agrupar=none
2026-04-02 10:44:48 | usuario=eduardo | acao=carregar_lista | detalhe=tipo=faturas_receber;quantidade=0;agrupar=none
2026-04-02 10:45:42 | usuario=eduardo | acao=carregar_lista | detalhe=tipo=faturas_receber;quantidade=1;agrupar=none
2026-04-02 11:27:15 | usuario=eduardo | acao=carregar_lista | detalhe=tipo=faturas_receber;quantidade=1;agrupar=none
2026-04-02 11:27:16 | usuario=eduardo | acao=carregar_lista | detalhe=tipo=faturas_receber;quantidade=1;agrupar=none
2026-04-02 11:27:22 | usuario=eduardo | acao=carregar_lista | detalhe=tipo=faturas_receber;quantidade=1;agrupar=none
2026-04-02 11:27:24 | usuario=eduardo | acao=carregar_lista | detalhe=tipo=faturas_receber;quantidade=1;agrupar=none
2026-04-02 11:27:25 | usuario=eduardo | acao=carregar_lista | detalhe=tipo=faturas_receber;quantidade=1;agrupar=none
2026-04-02 11:27:27 | usuario=eduardo | acao=carregar_lista | detalhe=tipo=faturas_receber;quantidade=1;agrupar=none
2026-04-02 11:27:43 | usuario=eduardo | acao=carregar_lista | detalhe=tipo=faturas_receber;quantidade=1;agrupar=customer
2026-04-02 11:27:51 | usuario=eduardo | acao=carregar_lista | detalhe=tipo=faturas_receber;quantidade=1;agrupar=none
2026-04-02 12:05:18 | usuario=eduardo | acao=login_sucesso | detalhe=tipo=local
2026-04-02 12:10:34 | usuario=eduardo | acao=login_sucesso | detalhe=tipo=local
2026-04-02 12:13:25 | usuario=eduardo | acao=login_sucesso | detalhe=tipo=local
2026-04-02 12:13:28 | usuario=eduardo | acao=carregar_lista | detalhe=tipo=faturas_receber;quantidade=1;agrupar=none
2026-04-02 14:59:03 | usuario=eduardo | acao=login_sucesso | detalhe=tipo=local
2026-04-02 14:59:08 | usuario=eduardo | acao=carregar_lista | detalhe=tipo=faturas_receber;quantidade=1;agrupar=none
2026-04-02 15:03:44 | usuario=eduardo | acao=carregar_lista | detalhe=tipo=faturas_receber;quantidade=1;agrupar=none
2026-04-02 15:03:49 | usuario=eduardo | acao=carregar_lista | detalhe=tipo=faturas_receber;quantidade=0;agrupar=none
2026-04-02 15:03:55 | usuario=eduardo | acao=carregar_lista | detalhe=tipo=faturas_receber;quantidade=1;agrupar=none
2026-04-02 15:04:11 | usuario=eduardo | acao=carregar_lista | detalhe=tipo=faturas_receber;quantidade=1;agrupar=none
2026-04-02 15:04:14 | usuario=eduardo | acao=carregar_lista | detalhe=tipo=faturas_receber;quantidade=1;agrupar=none
2026-04-02 15:04:30 | usuario=eduardo | acao=carregar_lista | detalhe=tipo=faturas_receber;quantidade=1;agrupar=none
2026-04-02 15:04:32 | usuario=eduardo | acao=carregar_lista | detalhe=tipo=faturas_receber;quantidade=1;agrupar=none
2026-04-02 15:09:40 | usuario=eduardo | acao=login_sucesso | detalhe=tipo=local
2026-04-02 15:09:46 | usuario=eduardo | acao=carregar_lista | detalhe=tipo=faturas_receber;quantidade=1;agrupar=none
2026-04-02 15:09:51 | usuario=eduardo | acao=carregar_lista | detalhe=tipo=faturas_receber;quantidade=1;agrupar=none
2026-04-02 15:14:09 | usuario=eduardo | acao=login_sucesso | detalhe=tipo=local
2026-04-02 15:14:13 | usuario=eduardo | acao=carregar_lista | detalhe=tipo=faturas_receber;quantidade=1;agrupar=none
2026-04-02 15:14:26 | usuario=eduardo | acao=carregar_lista | detalhe=tipo=faturas_receber;quantidade=84;agrupar=none
2026-04-02 15:14:32 | usuario=eduardo | acao=carregar_lista | detalhe=tipo=faturas_receber;quantidade=84;agrupar=none
2026-04-02 15:14:33 | usuario=eduardo | acao=carregar_lista | detalhe=tipo=faturas_receber;quantidade=367;agrupar=none
2026-04-02 15:14:36 | usuario=eduardo | acao=carregar_lista | detalhe=tipo=faturas_receber;quantidade=367;agrupar=none
2026-04-02 15:14:37 | usuario=eduardo | acao=carregar_lista | detalhe=tipo=faturas_receber;quantidade=367;agrupar=none
2026-04-02 15:21:34 | usuario=eduardo | acao=carregar_lista | detalhe=tipo=faturas_receber;quantidade=374;agrupar=none
2026-04-02 15:21:35 | usuario=eduardo | acao=carregar_lista | detalhe=tipo=faturas_receber;quantidade=393;agrupar=none
2026-04-02 15:21:37 | usuario=eduardo | acao=carregar_lista | detalhe=tipo=faturas_receber;quantidade=393;agrupar=none
2026-04-02 15:22:13 | usuario=eduardo | acao=login_sucesso | detalhe=tipo=local
2026-04-02 15:22:18 | usuario=eduardo | acao=carregar_lista | detalhe=tipo=faturas_receber;quantidade=1;agrupar=none
2026-04-02 15:22:43 | usuario=eduardo | acao=carregar_lista | detalhe=tipo=faturas_receber;quantidade=1;agrupar=none
2026-04-02 15:22:48 | usuario=eduardo | acao=carregar_lista | detalhe=tipo=faturas_receber;quantidade=6341;agrupar=none
2026-04-02 15:22:51 | usuario=eduardo | acao=carregar_lista | detalhe=tipo=faturas_receber;quantidade=6341;agrupar=none
2026-04-02 15:23:04 | usuario=eduardo | acao=carregar_lista | detalhe=tipo=faturas_receber;quantidade=1;agrupar=none
2026-04-02 15:23:33 | usuario=eduardo | acao=carregar_lista | detalhe=tipo=faturas_receber;quantidade=1;agrupar=none
2026-04-02 15:24:01 | usuario=eduardo | acao=carregar_lista | detalhe=tipo=faturas_receber;quantidade=1;agrupar=none
2026-04-02 15:24:09 | usuario=eduardo | acao=carregar_lista | detalhe=tipo=faturas_receber;quantidade=3492;agrupar=none
2026-04-02 15:24:23 | usuario=eduardo | acao=carregar_lista | detalhe=tipo=faturas_receber;quantidade=3492;agrupar=none
2026-04-02 15:24:40 | usuario=eduardo | acao=carregar_lista | detalhe=tipo=faturas_receber;quantidade=3;agrupar=none
2026-04-02 15:25:28 | usuario=eduardo | acao=carregar_lista | detalhe=tipo=faturas_receber;quantidade=3492;agrupar=none
2026-04-02 15:32:13 | usuario=eduardo | acao=login_sucesso | detalhe=tipo=local
2026-04-02 15:32:15 | usuario=eduardo | acao=carregar_lista | detalhe=tipo=faturas_receber;quantidade=0;agrupar=none
2026-04-02 15:32:30 | usuario=eduardo | acao=carregar_lista | detalhe=tipo=faturas_receber;quantidade=3;agrupar=none
2026-04-02 15:32:35 | usuario=eduardo | acao=carregar_lista | detalhe=tipo=faturas_receber;quantidade=3;agrupar=none
2026-04-02 15:44:00 | usuario=eduardo | acao=login_sucesso | detalhe=tipo=local
2026-04-02 15:45:04 | usuario=eduardo | acao=carregar_lista | detalhe=tipo=clientes_inativos;quantidade=263
2026-04-02 15:48:52 | usuario=eduardo | acao=login_sucesso | detalhe=tipo=local
2026-04-02 15:48:56 | usuario=eduardo | acao=carregar_lista | detalhe=tipo=clientes_inativos;quantidade=263
2026-04-02 15:49:11 | usuario=eduardo | acao=login_sucesso | detalhe=tipo=local
2026-04-02 15:49:15 | usuario=eduardo | acao=carregar_lista | detalhe=tipo=clientes_inativos;quantidade=263
2026-04-02 15:49:25 | usuario=eduardo | acao=acao_operacional | detalhe=acao=Excluir cliente;selecionados=1;afetados=1
2026-04-02 15:49:26 | usuario=eduardo | acao=carregar_lista | detalhe=tipo=clientes_inativos;quantidade=263
2026-04-02 15:49:42 | usuario=eduardo | acao=login_sucesso | detalhe=tipo=local
2026-04-02 15:49:47 | usuario=eduardo | acao=carregar_lista | detalhe=tipo=faturas_receber;quantidade=0;agrupar=none
2026-04-02 16:38:05 | usuario=eduardo | acao=login_sucesso | detalhe=tipo=local
2026-04-02 16:38:09 | usuario=eduardo | acao=carregar_lista | detalhe=tipo=faturas_receber;quantidade=0;agrupar=none
2026-04-02 16:38:21 | usuario=eduardo | acao=carregar_lista | detalhe=tipo=faturas_receber;quantidade=3;agrupar=none
2026-04-02 16:38:22 | usuario=eduardo | acao=carregar_lista | detalhe=tipo=faturas_receber;quantidade=3;agrupar=none
2026-04-02 16:40:06 | usuario=eduardo | acao=enviar_email_fatura | detalhe=cliente=JOSIGLEISON DE JESUS MIRANDA;para=edubnuster@gmail.com;invoice=8052787
2026-04-02 16:41:05 | usuario=eduardo | acao=carregar_lista | detalhe=tipo=clientes_inativos;quantidade=263
2026-04-02 16:46:49 | usuario=eduardo | acao=login_sucesso | detalhe=tipo=local
2026-04-02 16:46:53 | usuario=eduardo | acao=carregar_lista | detalhe=tipo=faturas_receber;quantidade=0;agrupar=none
2026-04-02 16:47:04 | usuario=eduardo | acao=carregar_lista | detalhe=tipo=faturas_receber;quantidade=3;agrupar=none
2026-04-02 16:47:06 | usuario=eduardo | acao=carregar_lista | detalhe=tipo=faturas_receber;quantidade=3;agrupar=none
2026-04-02 16:55:45 | usuario=eduardo | acao=login_sucesso | detalhe=tipo=local
2026-04-02 17:00:07 | usuario=eduardo | acao=login_sucesso | detalhe=tipo=local
2026-04-02 17:03:17 | usuario=eduardo | acao=login_sucesso | detalhe=tipo=local
2026-04-02 17:03:40 | usuario=eduardo | acao=login_sucesso | detalhe=tipo=local
2026-04-02 17:09:54 | usuario=eduardo | acao=login_sucesso | detalhe=tipo=local
2026-04-02 17:12:37 | usuario=eduardo | acao=login_sucesso | detalhe=tipo=local
2026-04-02 17:12:48 | usuario=eduardo | acao=login_sucesso | detalhe=tipo=local
2026-04-02 17:14:58 | usuario=eduardo | acao=login_sucesso | detalhe=tipo=local
2026-04-02 17:20:00 | usuario=eduardo | acao=login_sucesso | detalhe=tipo=local
2026-04-02 17:26:19 | usuario=eduardo | acao=login_sucesso | detalhe=tipo=local
2026-04-02 17:27:57 | usuario=eduardo | acao=carregar_lista | detalhe=tipo=faturas_receber;quantidade=0;agrupar=none
2026-04-02 17:28:04 | usuario=eduardo | acao=carregar_lista | detalhe=tipo=faturas_receber;quantidade=3;agrupar=none
2026-04-02 17:28:05 | usuario=eduardo | acao=carregar_lista | detalhe=tipo=faturas_receber;quantidade=3;agrupar=none
2026-04-02 17:29:41 | usuario=eduardo | acao=enviar_email_fatura | detalhe=cliente=MAIKY DOURADO MAIA ROCHA;para=eduardo@databrev.com.br;invoice=8054801
2026-04-02 17:40:26 | usuario=eduardo | acao=carregar_lista | detalhe=tipo=faturas_receber;quantidade=0;agrupar=none
2026-04-02 17:40:34 | usuario=eduardo | acao=carregar_lista | detalhe=tipo=clientes_inativos;quantidade=263
2026-04-02 17:40:44 | usuario=eduardo | acao=carregar_lista | detalhe=tipo=faturas_receber;quantidade=0;agrupar=none
2026-04-02 17:45:20 | usuario=eduardo | acao=login_sucesso | detalhe=tipo=local
2026-04-02 17:45:34 | usuario=eduardo | acao=carregar_lista | detalhe=tipo=faturas_receber;quantidade=0;agrupar=none
2026-04-02 17:45:53 | usuario=eduardo | acao=login_sucesso | detalhe=tipo=local
2026-04-02 17:46:00 | usuario=eduardo | acao=carregar_lista | detalhe=tipo=faturas_receber;quantidade=0;agrupar=none
2026-04-02 17:49:36 | usuario=eduardo | acao=login_sucesso | detalhe=tipo=local
2026-04-02 17:49:44 | usuario=eduardo | acao=carregar_lista | detalhe=tipo=faturas_receber;quantidade=0;agrupar=none
2026-04-02 17:49:49 | usuario=eduardo | acao=carregar_lista | detalhe=tipo=clientes_inativos;quantidade=263
2026-04-02 17:50:04 | usuario=eduardo | acao=acao_operacional | detalhe=acao=Excluir cliente;selecionados=2;afetados=2
2026-04-02 17:50:05 | usuario=eduardo | acao=carregar_lista | detalhe=tipo=clientes_inativos;quantidade=263
2026-04-02 17:53:34 | usuario=eduardo | acao=login_sucesso | detalhe=tipo=local
2026-04-02 17:53:40 | usuario=eduardo | acao=carregar_lista | detalhe=tipo=faturas_receber;quantidade=0;agrupar=none
2026-04-02 17:53:45 | usuario=eduardo | acao=carregar_lista | detalhe=tipo=clientes_inativos;quantidade=263
2026-04-02 17:54:01 | usuario=eduardo | acao=acao_operacional | detalhe=acao=Excluir cliente;selecionados=10;afetados=10
2026-04-02 17:54:02 | usuario=eduardo | acao=carregar_lista | detalhe=tipo=clientes_inativos;quantidade=263
2026-04-02 18:04:30 | usuario=eduardo | acao=login_sucesso | detalhe=tipo=local
2026-04-02 18:04:33 | usuario=eduardo | acao=carregar_lista | detalhe=tipo=faturas_receber;quantidade=0;agrupar=none
2026-04-02 18:04:45 | usuario=eduardo | acao=carregar_lista | detalhe=tipo=faturas_receber;quantidade=3;agrupar=none
2026-04-02 18:04:46 | usuario=eduardo | acao=carregar_lista | detalhe=tipo=faturas_receber;quantidade=3;agrupar=none
2026-04-07 16:50:15 | usuario=eduardo | acao=login_sucesso | detalhe=tipo=local
2026-04-07 16:50:21 | usuario=eduardo | acao=carregar_lista | detalhe=tipo=faturas_receber;quantidade=0;agrupar=none
2026-04-07 16:50:36 | usuario=eduardo | acao=carregar_lista | detalhe=tipo=faturas_receber;quantidade=3;agrupar=none
2026-04-07 16:50:37 | usuario=eduardo | acao=carregar_lista | detalhe=tipo=faturas_receber;quantidade=3;agrupar=none
